[0.105s] DEBUG:colcon:Command line arguments: ['/usr/bin/colcon', 'build', '--symlink-install']
[0.105s] DEBUG:colcon:Parsed command line arguments: Namespace(allow_overriding=[], ament_cmake_args=None, base_paths=['.'], build_base='build', catkin_cmake_args=None, catkin_skip_building_tests=False, cmake_args=None, cmake_clean_cache=False, cmake_clean_first=False, cmake_force_configure=False, cmake_target=None, cmake_target_skip_unavailable=False, continue_on_error=False, event_handlers=None, executor='parallel', ignore_user_meta=False, install_base='install', log_base=None, log_level=None, main=<bound method BuildVerb.main of <colcon_core.verb.build.BuildVerb object at 0xffffa8468bb0>>, merge_install=False, metas=['./colcon.meta'], packages_above=None, packages_above_and_dependencies=None, packages_above_depth=None, packages_end=None, packages_ignore=None, packages_ignore_regex=None, packages_select=None, packages_select_build_failed=False, packages_select_by_dep=None, packages_select_regex=None, packages_select_test_failures=False, packages_skip=None, packages_skip_build_finished=False, packages_skip_by_dep=None, packages_skip_regex=None, packages_skip_test_passed=False, packages_skip_up_to=None, packages_start=None, packages_up_to=None, packages_up_to_regex=None, parallel_workers=4, paths=None, symlink_install=True, test_result_base=None, verb_extension=<colcon_core.verb.build.BuildVerb object at 0xffffa8468bb0>, verb_name='build', verb_parser=<colcon_defaults.argument_parser.defaults.DefaultArgumentsDecorator object at 0xffffa8291580>)
[0.179s] Level 1:colcon.colcon_core.package_discovery:discover_packages(colcon_meta) check parameters
[0.179s] Level 1:colcon.colcon_core.package_discovery:discover_packages(recursive) check parameters
[0.179s] Level 1:colcon.colcon_core.package_discovery:discover_packages(ignore) check parameters
[0.179s] Level 1:colcon.colcon_core.package_discovery:discover_packages(path) check parameters
[0.179s] Level 1:colcon.colcon_core.package_discovery:discover_packages(colcon_meta) discover
[0.179s] Level 1:colcon.colcon_core.package_discovery:discover_packages(recursive) discover
[0.179s] INFO:colcon.colcon_core.package_discovery:Crawling recursively for packages in '/home/carl/dev_ws/src/my_bot'
[0.179s] Level 1:colcon.colcon_core.package_identification:_identify(.) by extensions ['ignore', 'ignore_ament_install']
[0.179s] Level 1:colcon.colcon_core.package_identification:_identify(.) by extension 'ignore'
[0.179s] Level 1:colcon.colcon_core.package_identification:_identify(.) by extension 'ignore_ament_install'
[0.179s] Level 1:colcon.colcon_core.package_identification:_identify(.) by extensions ['colcon_pkg']
[0.179s] Level 1:colcon.colcon_core.package_identification:_identify(.) by extension 'colcon_pkg'
[0.179s] Level 1:colcon.colcon_core.package_identification:_identify(.) by extensions ['colcon_meta']
[0.179s] Level 1:colcon.colcon_core.package_identification:_identify(.) by extension 'colcon_meta'
[0.179s] Level 1:colcon.colcon_core.package_identification:_identify(.) by extensions ['ros']
[0.179s] Level 1:colcon.colcon_core.package_identification:_identify(.) by extension 'ros'
[0.188s] DEBUG:colcon.colcon_core.package_identification:Package '.' with type 'ros.ament_cmake' and name 'my_bot'
[0.188s] Level 1:colcon.colcon_core.package_discovery:discover_packages(recursive) using defaults
[0.188s] Level 1:colcon.colcon_core.package_discovery:discover_packages(ignore) discover
[0.188s] Level 1:colcon.colcon_core.package_discovery:discover_packages(ignore) using defaults
[0.188s] Level 1:colcon.colcon_core.package_discovery:discover_packages(path) discover
[0.188s] Level 1:colcon.colcon_core.package_discovery:discover_packages(path) using defaults
[0.196s] Level 1:colcon.colcon_core.package_discovery:discover_packages(prefix_path) check parameters
[0.196s] Level 1:colcon.colcon_core.package_discovery:discover_packages(prefix_path) discover
[0.198s] DEBUG:colcon.colcon_installed_package_information.package_discovery:Found 273 installed packages in /opt/ros/foxy
[0.198s] Level 1:colcon.colcon_core.package_discovery:discover_packages(prefix_path) using defaults
[0.237s] Level 5:colcon.colcon_core.verb:set package 'my_bot' build argument 'cmake_args' from command line to 'None'
[0.237s] Level 5:colcon.colcon_core.verb:set package 'my_bot' build argument 'cmake_target' from command line to 'None'
[0.237s] Level 5:colcon.colcon_core.verb:set package 'my_bot' build argument 'cmake_target_skip_unavailable' from command line to 'False'
[0.237s] Level 5:colcon.colcon_core.verb:set package 'my_bot' build argument 'cmake_clean_cache' from command line to 'False'
[0.237s] Level 5:colcon.colcon_core.verb:set package 'my_bot' build argument 'cmake_clean_first' from command line to 'False'
[0.237s] Level 5:colcon.colcon_core.verb:set package 'my_bot' build argument 'cmake_force_configure' from command line to 'False'
[0.237s] Level 5:colcon.colcon_core.verb:set package 'my_bot' build argument 'ament_cmake_args' from command line to 'None'
[0.237s] Level 5:colcon.colcon_core.verb:set package 'my_bot' build argument 'catkin_cmake_args' from command line to 'None'
[0.237s] Level 5:colcon.colcon_core.verb:set package 'my_bot' build argument 'catkin_skip_building_tests' from command line to 'False'
[0.237s] DEBUG:colcon.colcon_core.verb:Building package 'my_bot' with the following arguments: {'ament_cmake_args': None, 'build_base': '/home/carl/dev_ws/src/my_bot/build/my_bot', 'catkin_cmake_args': None, 'catkin_skip_building_tests': False, 'cmake_args': None, 'cmake_clean_cache': False, 'cmake_clean_first': False, 'cmake_force_configure': False, 'cmake_target': None, 'cmake_target_skip_unavailable': False, 'install_base': '/home/carl/dev_ws/src/my_bot/install/my_bot', 'merge_install': False, 'path': '/home/carl/dev_ws/src/my_bot', 'symlink_install': True, 'test_result_base': None}
[0.237s] INFO:colcon.colcon_core.executor:Executing jobs using 'parallel' executor
[0.238s] DEBUG:colcon.colcon_parallel_executor.executor.parallel:run_until_complete
[0.238s] INFO:colcon.colcon_ros.task.ament_cmake.build:Building ROS package in '/home/carl/dev_ws/src/my_bot' with build type 'ament_cmake'
[0.238s] INFO:colcon.colcon_cmake.task.cmake.build:Building CMake package in '/home/carl/dev_ws/src/my_bot'
[0.239s] INFO:colcon.colcon_core.plugin_system:Skipping extension 'colcon_core.shell.bat': Not used on non-Windows systems
[0.239s] INFO:colcon.colcon_core.shell:Skip shell extension 'powershell' for command environment: Not usable outside of PowerShell
[0.239s] DEBUG:colcon.colcon_core.shell:Skip shell extension 'dsv' for command environment
[0.247s] DEBUG:colcon.colcon_core.event_handler.log_command:Invoking command in '/home/carl/dev_ws/src/my_bot/build/my_bot': CMAKE_PREFIX_PATH=/opt/ros/foxy /usr/bin/cmake /home/carl/dev_ws/src/my_bot -DAMENT_CMAKE_SYMLINK_INSTALL=1 -DCMAKE_INSTALL_PREFIX=/home/carl/dev_ws/src/my_bot/install/my_bot
[0.910s] DEBUG:colcon.colcon_core.event_handler.log_command:Invoked command in '/home/carl/dev_ws/src/my_bot/build/my_bot' returned '0': CMAKE_PREFIX_PATH=/opt/ros/foxy /usr/bin/cmake /home/carl/dev_ws/src/my_bot -DAMENT_CMAKE_SYMLINK_INSTALL=1 -DCMAKE_INSTALL_PREFIX=/home/carl/dev_ws/src/my_bot/install/my_bot
[0.911s] DEBUG:colcon.colcon_core.event_handler.log_command:Invoking command in '/home/carl/dev_ws/src/my_bot/build/my_bot': CMAKE_PREFIX_PATH=/opt/ros/foxy /usr/bin/cmake --build /home/carl/dev_ws/src/my_bot/build/my_bot -- -j4 -l4
[0.932s] DEBUG:colcon.colcon_core.event_handler.log_command:Invoked command in '/home/carl/dev_ws/src/my_bot/build/my_bot' returned '0': CMAKE_PREFIX_PATH=/opt/ros/foxy /usr/bin/cmake --build /home/carl/dev_ws/src/my_bot/build/my_bot -- -j4 -l4
[0.952s] DEBUG:colcon.colcon_core.event_handler.log_command:Invoking command in '/home/carl/dev_ws/src/my_bot/build/my_bot': CMAKE_PREFIX_PATH=/opt/ros/foxy /usr/bin/cmake --install /home/carl/dev_ws/src/my_bot/build/my_bot
[1.082s] Level 1:colcon.colcon_core.environment:create_environment_scripts_only(my_bot)
[1.084s] DEBUG:colcon.colcon_core.event_handler.log_command:Invoked command in '/home/carl/dev_ws/src/my_bot/build/my_bot' returned '0': CMAKE_PREFIX_PATH=/opt/ros/foxy /usr/bin/cmake --install /home/carl/dev_ws/src/my_bot/build/my_bot
[1.084s] Level 1:colcon.colcon_core.environment:checking '/home/carl/dev_ws/src/my_bot/install/my_bot' for CMake module files
[1.085s] Level 1:colcon.colcon_core.environment:checking '/home/carl/dev_ws/src/my_bot/install/my_bot' for CMake config files
[1.085s] Level 1:colcon.colcon_core.shell:create_environment_hook('my_bot', 'cmake_prefix_path')
[1.085s] INFO:colcon.colcon_core.shell:Creating environment hook '/home/carl/dev_ws/src/my_bot/install/my_bot/share/my_bot/hook/cmake_prefix_path.ps1'
[1.085s] INFO:colcon.colcon_core.shell:Creating environment descriptor '/home/carl/dev_ws/src/my_bot/install/my_bot/share/my_bot/hook/cmake_prefix_path.dsv'
[1.086s] INFO:colcon.colcon_core.shell:Creating environment hook '/home/carl/dev_ws/src/my_bot/install/my_bot/share/my_bot/hook/cmake_prefix_path.sh'
[1.086s] Level 1:colcon.colcon_core.environment:checking '/home/carl/dev_ws/src/my_bot/install/my_bot/bin'
[1.086s] Level 1:colcon.colcon_core.environment:checking '/home/carl/dev_ws/src/my_bot/install/my_bot/lib/pkgconfig/my_bot.pc'
[1.086s] Level 1:colcon.colcon_core.environment:checking '/home/carl/dev_ws/src/my_bot/install/my_bot/lib/python3.8/site-packages'
[1.086s] Level 1:colcon.colcon_core.environment:checking '/home/carl/dev_ws/src/my_bot/install/my_bot/bin'
[1.086s] INFO:colcon.colcon_core.shell:Creating package script '/home/carl/dev_ws/src/my_bot/install/my_bot/share/my_bot/package.ps1'
[1.087s] INFO:colcon.colcon_core.shell:Creating package descriptor '/home/carl/dev_ws/src/my_bot/install/my_bot/share/my_bot/package.dsv'
[1.087s] INFO:colcon.colcon_core.shell:Creating package script '/home/carl/dev_ws/src/my_bot/install/my_bot/share/my_bot/package.sh'
[1.087s] INFO:colcon.colcon_core.shell:Creating package script '/home/carl/dev_ws/src/my_bot/install/my_bot/share/my_bot/package.bash'
[1.088s] INFO:colcon.colcon_core.shell:Creating package script '/home/carl/dev_ws/src/my_bot/install/my_bot/share/my_bot/package.zsh'
[1.088s] Level 1:colcon.colcon_core.environment:create_file_with_runtime_dependencies(/home/carl/dev_ws/src/my_bot/install/my_bot/share/colcon-core/packages/my_bot)
[1.100s] Level 1:colcon.colcon_core.environment:create_environment_scripts_only(my_bot)
[1.101s] Level 1:colcon.colcon_core.environment:checking '/home/carl/dev_ws/src/my_bot/install/my_bot' for CMake module files
[1.101s] Level 1:colcon.colcon_core.environment:checking '/home/carl/dev_ws/src/my_bot/install/my_bot' for CMake config files
[1.101s] Level 1:colcon.colcon_core.shell:create_environment_hook('my_bot', 'cmake_prefix_path')
[1.101s] INFO:colcon.colcon_core.shell:Creating environment hook '/home/carl/dev_ws/src/my_bot/install/my_bot/share/my_bot/hook/cmake_prefix_path.ps1'
[1.101s] INFO:colcon.colcon_core.shell:Creating environment descriptor '/home/carl/dev_ws/src/my_bot/install/my_bot/share/my_bot/hook/cmake_prefix_path.dsv'
[1.102s] INFO:colcon.colcon_core.shell:Creating environment hook '/home/carl/dev_ws/src/my_bot/install/my_bot/share/my_bot/hook/cmake_prefix_path.sh'
[1.102s] Level 1:colcon.colcon_core.environment:checking '/home/carl/dev_ws/src/my_bot/install/my_bot/bin'
[1.102s] Level 1:colcon.colcon_core.environment:checking '/home/carl/dev_ws/src/my_bot/install/my_bot/lib/pkgconfig/my_bot.pc'
[1.102s] Level 1:colcon.colcon_core.environment:checking '/home/carl/dev_ws/src/my_bot/install/my_bot/lib/python3.8/site-packages'
[1.102s] Level 1:colcon.colcon_core.environment:checking '/home/carl/dev_ws/src/my_bot/install/my_bot/bin'
[1.102s] INFO:colcon.colcon_core.shell:Creating package script '/home/carl/dev_ws/src/my_bot/install/my_bot/share/my_bot/package.ps1'
[1.102s] INFO:colcon.colcon_core.shell:Creating package descriptor '/home/carl/dev_ws/src/my_bot/install/my_bot/share/my_bot/package.dsv'
[1.103s] INFO:colcon.colcon_core.shell:Creating package script '/home/carl/dev_ws/src/my_bot/install/my_bot/share/my_bot/package.sh'
[1.103s] INFO:colcon.colcon_core.shell:Creating package script '/home/carl/dev_ws/src/my_bot/install/my_bot/share/my_bot/package.bash'
[1.103s] INFO:colcon.colcon_core.shell:Creating package script '/home/carl/dev_ws/src/my_bot/install/my_bot/share/my_bot/package.zsh'
[1.103s] Level 1:colcon.colcon_core.environment:create_file_with_runtime_dependencies(/home/carl/dev_ws/src/my_bot/install/my_bot/share/colcon-core/packages/my_bot)
[1.103s] DEBUG:colcon.colcon_parallel_executor.executor.parallel:closing loop
[1.104s] DEBUG:colcon.colcon_parallel_executor.executor.parallel:loop closed
[1.104s] DEBUG:colcon.colcon_parallel_executor.executor.parallel:run_until_complete finished with '0'
[1.104s] DEBUG:colcon.colcon_core.event_reactor:joining thread
[1.107s] INFO:colcon.colcon_core.plugin_system:Skipping extension 'colcon_notification.desktop_notification.terminal_notifier': Not used on non-Darwin systems
[1.107s] INFO:colcon.colcon_core.plugin_system:Skipping extension 'colcon_notification.desktop_notification.win32': Not used on non-Windows systems
[1.107s] INFO:colcon.colcon_notification.desktop_notification:Sending desktop notification using 'notify2'
[1.124s] DEBUG:colcon.colcon_core.event_reactor:joined thread
[1.124s] INFO:colcon.colcon_core.shell:Creating prefix script '/home/carl/dev_ws/src/my_bot/install/local_setup.ps1'
[1.125s] INFO:colcon.colcon_core.shell:Creating prefix util module '/home/carl/dev_ws/src/my_bot/install/_local_setup_util_ps1.py'
[1.126s] INFO:colcon.colcon_core.shell:Creating prefix chain script '/home/carl/dev_ws/src/my_bot/install/setup.ps1'
[1.126s] INFO:colcon.colcon_core.shell:Creating prefix script '/home/carl/dev_ws/src/my_bot/install/local_setup.sh'
[1.126s] INFO:colcon.colcon_core.shell:Creating prefix util module '/home/carl/dev_ws/src/my_bot/install/_local_setup_util_sh.py'
[1.127s] INFO:colcon.colcon_core.shell:Creating prefix chain script '/home/carl/dev_ws/src/my_bot/install/setup.sh'
[1.127s] INFO:colcon.colcon_core.shell:Creating prefix script '/home/carl/dev_ws/src/my_bot/install/local_setup.bash'
[1.127s] INFO:colcon.colcon_core.shell:Creating prefix chain script '/home/carl/dev_ws/src/my_bot/install/setup.bash'
[1.128s] INFO:colcon.colcon_core.shell:Creating prefix script '/home/carl/dev_ws/src/my_bot/install/local_setup.zsh'
[1.128s] INFO:colcon.colcon_core.shell:Creating prefix chain script '/home/carl/dev_ws/src/my_bot/install/setup.zsh'
